[debug] [2022-11-07T11:49:13.055Z] ----------------------------------------------------------------------
[debug] [2022-11-07T11:49:13.057Z] Command:       C:\Program Files\nodejs\node.exe C:\Users\Shamima Yeasmin\AppData\Roaming\npm\node_modules\firebase-tools\lib\bin\firebase.js init
[debug] [2022-11-07T11:49:13.057Z] CLI Version:   11.15.0
[debug] [2022-11-07T11:49:13.057Z] Platform:      win32
[debug] [2022-11-07T11:49:13.058Z] Node Version:  v16.15.1
[debug] [2022-11-07T11:49:13.064Z] Time:          Mon Nov 07 2022 17:49:13 GMT+0600 (Bangladesh Standard Time)
[debug] [2022-11-07T11:49:13.064Z] ----------------------------------------------------------------------
[debug] 
[debug] [2022-11-07T11:49:13.068Z] >>> [apiv2][query] GET https://firebase-public.firebaseio.com/cli.json [none]
[debug] [2022-11-07T11:49:13.087Z] > command requires scopes: ["email","openid","https://www.googleapis.com/auth/cloudplatformprojects.readonly","https://www.googleapis.com/auth/firebase","https://www.googleapis.com/auth/cloud-platform"]
[debug] [2022-11-07T11:49:13.088Z] > authorizing via signed-in user (shamimayesmin144@gmail.com)
[info] 
     ######## #### ########  ######## ########     ###     ######  ########
     ##        ##  ##     ## ##       ##     ##  ##   ##  ##       ##
     ######    ##  ########  ######   ########  #########  ######  ######
     ##        ##  ##    ##  ##       ##     ## ##     ##       ## ##
     ##       #### ##     ## ######## ########  ##     ##  ######  ########

You're about to initialize a Firebase project in this directory:

  D:\JavaScript\Backend-and-database-11\practice-makeup-client

[debug] [2022-11-07T11:49:13.817Z] <<< [apiv2][status] GET https://firebase-public.firebaseio.com/cli.json 200
[debug] [2022-11-07T11:49:13.817Z] <<< [apiv2][body] GET https://firebase-public.firebaseio.com/cli.json {"cloudBuildErrorAfter":1594252800000,"cloudBuildWarnAfter":1590019200000,"defaultNode10After":1594252800000,"minVersion":"3.0.5","node8DeploysDisabledAfter":1613390400000,"node8RuntimeDisabledAfter":1615809600000,"node8WarnAfter":1600128000000}
